<?xml version="1.0" encoding="UTF-8"?>
<!-- Generated by org.testng.reporters.JUnitXMLReporter -->
<testsuite ignored="1" hostname="GBP-LT56" failures="0" tests="4" name="Default test" time="125.466" errors="0" timestamp="2024-03-26T10:21:05 IST">
  <testcase classname="testNG.Bannerbuzz" name="ChromeBrowser" time="37.281"/>
  <testcase classname="testNG.Bannerbuzz" name="MetaDescription" time="9.878"/>
  <testcase classname="testNG.Bannerbuzz" name="dropdown" time="56.302"/>
  <testcase classname="testNG.Bannerbuzz" name="screenshotlogo" time="21.975"/>
  <testcase classname="testNG.Bannerbuzz" name="Edge_Browser" time="0.0">
    <ignored/>
  </testcase> <!-- Edge_Browser -->
</testsuite> <!-- Default test -->
