<?xml version="1.0" encoding="UTF-8"?>
<!-- Generated by org.testng.reporters.JUnitXMLReporter -->
<testsuite ignored="16" hostname="GBP-LT56" failures="0" tests="3" name="Gaurav" time="0.043" errors="0" timestamp="2024-02-13T14:48:52 IST">
  <testcase classname="testNG.Browser_Launch" name="Day6" time="0.008"/>
  <testcase classname="testNG.Wednesday" name="Day6" time="0.001"/>
  <testcase classname="testNG.Tuesday" name="Day6" time="0.001"/>
  <testcase classname="testNG.Tuesday" name="Demo" time="0.0">
    <ignored/>
  </testcase> <!-- Demo -->
  <testcase classname="testNG.Tuesday" name="Demo2" time="0.0">
    <ignored/>
  </testcase> <!-- Demo2 -->
  <testcase classname="testNG.Thursday" name="Sunday" time="0.0">
    <ignored/>
  </testcase> <!-- Sunday -->
  <testcase classname="testNG.Tuesday" name="Demo1" time="0.0">
    <ignored/>
  </testcase> <!-- Demo1 -->
  <testcase classname="testNG.Thursday" name="Day6" time="0.0">
    <ignored/>
  </testcase> <!-- Day6 -->
  <testcase classname="testNG.Thursday" name="eat" time="0.0">
    <ignored/>
  </testcase> <!-- eat -->
  <testcase classname="testNG.Wednesday" name="Day7" time="0.0">
    <ignored/>
  </testcase> <!-- Day7 -->
  <testcase classname="testNG.Wednesday" name="sad" time="0.0">
    <ignored/>
  </testcase> <!-- sad -->
  <testcase classname="testNG.Thursday" name="January" time="0.0">
    <ignored/>
  </testcase> <!-- January -->
  <testcase classname="testNG.Browser_Launch" name="Demo1" time="0.0">
    <ignored/>
  </testcase> <!-- Demo1 -->
  <testcase classname="testNG.Browser_Launch" name="Demo2" time="0.0">
    <ignored/>
  </testcase> <!-- Demo2 -->
  <testcase classname="testNG.Browser_Launch" name="Demo" time="0.0">
    <ignored/>
  </testcase> <!-- Demo -->
  <testcase classname="testNG.Thursday" name="Monday" time="0.0">
    <ignored/>
  </testcase> <!-- Monday -->
  <testcase classname="testNG.Thursday" name="Tuesday" time="0.0">
    <ignored/>
  </testcase> <!-- Tuesday -->
  <testcase classname="testNG.Thursday" name="Saturday" time="0.0">
    <ignored/>
  </testcase> <!-- Saturday -->
  <testcase classname="testNG.Wednesday" name="Happy" time="0.0">
    <ignored/>
  </testcase> <!-- Happy -->
</testsuite> <!-- Gaurav -->
