<?xml version="1.0" encoding="UTF-8"?>
<!-- Generated by org.testng.reporters.JUnitXMLReporter -->
<testsuite ignored="1" hostname="GBP-LT56" failures="0" tests="2" name="TestSuite" time="38.584" errors="0" timestamp="2024-03-21T23:01:26 IST">
  <testcase classname="testNG.Bannerbuzz" name="ChromeBrowser" time="33.075"/>
  <testcase classname="testNG.Bannerbuzz" name="MetaDescription" time="5.47"/>
  <testcase classname="testNG.Bannerbuzz" name="Edge_Browser" time="0.0">
    <ignored/>
  </testcase> <!-- Edge_Browser -->
</testsuite> <!-- TestSuite -->
