<?xml version="1.0" encoding="UTF-8"?>
<!-- Generated by org.testng.reporters.JUnitXMLReporter -->
<testsuite ignored="0" hostname="GBP-LT56" failures="0" tests="4" name="Test" time="12.912" errors="0" timestamp="2024-02-06T12:35:45 IST">
  <testcase classname="testNG.Browser_Launch" name="Demo" time="4.63"/>
  <testcase classname="testNG.Browser_Launch" name="Demo1" time="8.251"/>
  <testcase classname="testNG.Wednesday" name="Happy" time="0.002"/>
  <testcase classname="testNG.Wednesday" name="sad" time="0.001"/>
</testsuite> <!-- Test -->
