<?xml version="1.0" encoding="UTF-8"?>
<testng-results ignored="1" total="5" passed="4" failed="0" skipped="0">
  <reporter-output>
  </reporter-output>
  <suite started-at="2024-03-26T10:18:59 IST" name="Default suite" finished-at="2024-03-26T10:21:05 IST" duration-ms="125466">
    <groups>
    </groups>
    <test started-at="2024-03-26T10:18:59 IST" name="Default test" finished-at="2024-03-26T10:21:05 IST" duration-ms="125466">
      <class name="testNG.Bannerbuzz">
        <test-method signature="ChromeBrowser()[pri:0, instance:testNG.Bannerbuzz@dd8ba08]" started-at="2024-03-26T10:18:59 IST" name="ChromeBrowser" finished-at="2024-03-26T10:19:37 IST" duration-ms="37281" status="PASS">
          <reporter-output>
          </reporter-output>
        </test-method> <!-- ChromeBrowser -->
        <test-method signature="MetaDescription()[pri:0, instance:testNG.Bannerbuzz@dd8ba08]" started-at="2024-03-26T10:19:37 IST" name="MetaDescription" finished-at="2024-03-26T10:19:47 IST" duration-ms="9878" status="PASS">
          <reporter-output>
          </reporter-output>
        </test-method> <!-- MetaDescription -->
        <test-method signature="dropdown()[pri:0, instance:testNG.Bannerbuzz@dd8ba08]" started-at="2024-03-26T10:19:47 IST" name="dropdown" finished-at="2024-03-26T10:20:43 IST" duration-ms="56302" status="PASS">
          <reporter-output>
          </reporter-output>
        </test-method> <!-- dropdown -->
        <test-method signature="screenshotlogo()[pri:0, instance:testNG.Bannerbuzz@dd8ba08]" started-at="2024-03-26T10:20:43 IST" name="screenshotlogo" finished-at="2024-03-26T10:21:05 IST" duration-ms="21975" status="PASS">
          <reporter-output>
          </reporter-output>
        </test-method> <!-- screenshotlogo -->
      </class> <!-- testNG.Bannerbuzz -->
    </test> <!-- Default test -->
  </suite> <!-- Default suite -->
</testng-results>
